{"/Users/alexgioffre/Projects/nodejs_projects/whispering/database.js": {"path":"/Users/alexgioffre/Projects/nodejs_projects/whispering/database.js","statementMap":{"0":{"start":{"line":3,"column":0},"end":{"line":9,"column":3}},"1":{"start":{"line":6,"column":4},"end":{"line":6,"column":25}},"2":{"start":{"line":7,"column":4},"end":{"line":7,"column":25}},"3":{"start":{"line":11,"column":22},"end":{"line":13,"column":2}},"4":{"start":{"line":15,"column":16},"end":{"line":15,"column":56}}},"fnMap":{"0":{"name":"(anonymous_0)","decl":{"start":{"line":5,"column":13},"end":{"line":5,"column":14}},"loc":{"start":{"line":5,"column":33},"end":{"line":8,"column":3}},"line":5}},"branchMap":{},"s":{"0":1,"1":34,"2":34,"3":1,"4":1},"f":{"0":34},"b":{},"_coverageSchema":"1a1c01bbd47fc00a2c39e90264f33305004495a9","hash":"06fa6b9407565487cc954afdac28261cef7189a9"}
,"/Users/alexgioffre/Projects/nodejs_projects/whispering/server.js": {"path":"/Users/alexgioffre/Projects/nodejs_projects/whispering/server.js","statementMap":{"0":{"start":{"line":5,"column":12},"end":{"line":5,"column":21}},"1":{"start":{"line":7,"column":0},"end":{"line":7,"column":34}},"2":{"start":{"line":8,"column":0},"end":{"line":8,"column":27}},"3":{"start":{"line":9,"column":0},"end":{"line":9,"column":30}},"4":{"start":{"line":11,"column":0},"end":{"line":14,"column":3}},"5":{"start":{"line":12,"column":19},"end":{"line":12,"column":33}},"6":{"start":{"line":13,"column":2},"end":{"line":13,"column":36}},"7":{"start":{"line":16,"column":0},"end":{"line":19,"column":3}},"8":{"start":{"line":17,"column":19},"end":{"line":17,"column":33}},"9":{"start":{"line":18,"column":2},"end":{"line":18,"column":21}},"10":{"start":{"line":21,"column":0},"end":{"line":29,"column":3}},"11":{"start":{"line":22,"column":13},"end":{"line":22,"column":26}},"12":{"start":{"line":23,"column":18},"end":{"line":23,"column":35}},"13":{"start":{"line":24,"column":2},"end":{"line":28,"column":3}},"14":{"start":{"line":25,"column":4},"end":{"line":25,"column":24}},"15":{"start":{"line":27,"column":4},"end":{"line":27,"column":22}},"16":{"start":{"line":31,"column":0},"end":{"line":39,"column":3}},"17":{"start":{"line":32,"column":22},"end":{"line":32,"column":30}},"18":{"start":{"line":33,"column":2},"end":{"line":38,"column":3}},"19":{"start":{"line":34,"column":4},"end":{"line":34,"column":24}},"20":{"start":{"line":36,"column":20},"end":{"line":36,"column":41}},"21":{"start":{"line":37,"column":4},"end":{"line":37,"column":34}},"22":{"start":{"line":41,"column":0},"end":{"line":55,"column":3}},"23":{"start":{"line":42,"column":22},"end":{"line":42,"column":30}},"24":{"start":{"line":43,"column":13},"end":{"line":43,"column":26}},"25":{"start":{"line":44,"column":2},"end":{"line":54,"column":3}},"26":{"start":{"line":45,"column":4},"end":{"line":45,"column":24}},"27":{"start":{"line":47,"column":20},"end":{"line":47,"column":37}},"28":{"start":{"line":48,"column":4},"end":{"line":53,"column":5}},"29":{"start":{"line":49,"column":6},"end":{"line":49,"column":26}},"30":{"start":{"line":51,"column":6},"end":{"line":51,"column":36}},"31":{"start":{"line":52,"column":6},"end":{"line":52,"column":26}},"32":{"start":{"line":57,"column":0},"end":{"line":66,"column":3}},"33":{"start":{"line":58,"column":13},"end":{"line":58,"column":26}},"34":{"start":{"line":59,"column":18},"end":{"line":59,"column":35}},"35":{"start":{"line":60,"column":2},"end":{"line":63,"column":3}},"36":{"start":{"line":61,"column":4},"end":{"line":61,"column":24}},"37":{"start":{"line":62,"column":4},"end":{"line":62,"column":11}},"38":{"start":{"line":64,"column":2},"end":{"line":64,"column":23}},"39":{"start":{"line":65,"column":2},"end":{"line":65,"column":22}}},"fnMap":{"0":{"name":"(anonymous_0)","decl":{"start":{"line":11,"column":18},"end":{"line":11,"column":19}},"loc":{"start":{"line":11,"column":38},"end":{"line":14,"column":1}},"line":11},"1":{"name":"(anonymous_1)","decl":{"start":{"line":16,"column":27},"end":{"line":16,"column":28}},"loc":{"start":{"line":16,"column":47},"end":{"line":19,"column":1}},"line":16},"2":{"name":"(anonymous_2)","decl":{"start":{"line":21,"column":31},"end":{"line":21,"column":32}},"loc":{"start":{"line":21,"column":51},"end":{"line":29,"column":1}},"line":21},"3":{"name":"(anonymous_3)","decl":{"start":{"line":31,"column":28},"end":{"line":31,"column":29}},"loc":{"start":{"line":31,"column":48},"end":{"line":39,"column":1}},"line":31},"4":{"name":"(anonymous_4)","decl":{"start":{"line":41,"column":31},"end":{"line":41,"column":32}},"loc":{"start":{"line":41,"column":51},"end":{"line":55,"column":1}},"line":41},"5":{"name":"(anonymous_5)","decl":{"start":{"line":57,"column":34},"end":{"line":57,"column":35}},"loc":{"start":{"line":57,"column":54},"end":{"line":66,"column":1}},"line":57}},"branchMap":{"0":{"loc":{"start":{"line":24,"column":2},"end":{"line":28,"column":3}},"type":"if","locations":[{"start":{"line":24,"column":2},"end":{"line":28,"column":3}},{"start":{"line":26,"column":9},"end":{"line":28,"column":3}}],"line":24},"1":{"loc":{"start":{"line":33,"column":2},"end":{"line":38,"column":3}},"type":"if","locations":[{"start":{"line":33,"column":2},"end":{"line":38,"column":3}},{"start":{"line":35,"column":9},"end":{"line":38,"column":3}}],"line":33},"2":{"loc":{"start":{"line":44,"column":2},"end":{"line":54,"column":3}},"type":"if","locations":[{"start":{"line":44,"column":2},"end":{"line":54,"column":3}},{"start":{"line":46,"column":9},"end":{"line":54,"column":3}}],"line":44},"3":{"loc":{"start":{"line":48,"column":4},"end":{"line":53,"column":5}},"type":"if","locations":[{"start":{"line":48,"column":4},"end":{"line":53,"column":5}},{"start":{"line":50,"column":11},"end":{"line":53,"column":5}}],"line":48},"4":{"loc":{"start":{"line":60,"column":2},"end":{"line":63,"column":3}},"type":"if","locations":[{"start":{"line":60,"column":2},"end":{"line":63,"column":3}},{"start":{},"end":{}}],"line":60}},"s":{"0":1,"1":1,"2":1,"3":1,"4":1,"5":1,"6":1,"7":1,"8":2,"9":2,"10":1,"11":2,"12":2,"13":2,"14":1,"15":1,"16":1,"17":3,"18":3,"19":2,"20":1,"21":1,"22":1,"23":4,"24":4,"25":4,"26":2,"27":2,"28":2,"29":1,"30":1,"31":1,"32":1,"33":2,"34":2,"35":2,"36":1,"37":1,"38":1,"39":1},"f":{"0":1,"1":2,"2":2,"3":3,"4":4,"5":2},"b":{"0":[1,1],"1":[2,1],"2":[2,2],"3":[1,1],"4":[1,1]},"_coverageSchema":"1a1c01bbd47fc00a2c39e90264f33305004495a9","hash":"0f4c5106311c1a6e229f8494b9a0e86aeb1a81f7"}
,"/Users/alexgioffre/Projects/nodejs_projects/whispering/store.js": {"path":"/Users/alexgioffre/Projects/nodejs_projects/whispering/store.js","statementMap":{"0":{"start":{"line":3,"column":15},"end":{"line":3,"column":35}},"1":{"start":{"line":3,"column":21},"end":{"line":3,"column":35}},"2":{"start":{"line":5,"column":16},"end":{"line":5,"column":53}},"3":{"start":{"line":5,"column":24},"end":{"line":5,"column":53}},"4":{"start":{"line":7,"column":15},"end":{"line":11,"column":1}},"5":{"start":{"line":8,"column":18},"end":{"line":8,"column":42}},"6":{"start":{"line":9,"column":2},"end":{"line":9,"column":23}},"7":{"start":{"line":10,"column":2},"end":{"line":10,"column":17}},"8":{"start":{"line":13,"column":19},"end":{"line":14,"column":68}},"9":{"start":{"line":14,"column":2},"end":{"line":14,"column":68}},"10":{"start":{"line":16,"column":19},"end":{"line":16,"column":63}},"11":{"start":{"line":16,"column":33},"end":{"line":16,"column":63}}},"fnMap":{"0":{"name":"(anonymous_0)","decl":{"start":{"line":3,"column":15},"end":{"line":3,"column":16}},"loc":{"start":{"line":3,"column":21},"end":{"line":3,"column":35}},"line":3},"1":{"name":"(anonymous_1)","decl":{"start":{"line":5,"column":16},"end":{"line":5,"column":17}},"loc":{"start":{"line":5,"column":24},"end":{"line":5,"column":53}},"line":5},"2":{"name":"(anonymous_2)","decl":{"start":{"line":7,"column":15},"end":{"line":7,"column":16}},"loc":{"start":{"line":7,"column":34},"end":{"line":11,"column":1}},"line":7},"3":{"name":"(anonymous_3)","decl":{"start":{"line":13,"column":19},"end":{"line":13,"column":20}},"loc":{"start":{"line":14,"column":2},"end":{"line":14,"column":68}},"line":14},"4":{"name":"(anonymous_4)","decl":{"start":{"line":16,"column":19},"end":{"line":16,"column":20}},"loc":{"start":{"line":16,"column":33},"end":{"line":16,"column":63}},"line":16}},"branchMap":{},"s":{"0":1,"1":3,"2":1,"3":9,"4":1,"5":1,"6":1,"7":1,"8":1,"9":1,"10":1,"11":1},"f":{"0":3,"1":9,"2":1,"3":1,"4":1},"b":{},"_coverageSchema":"1a1c01bbd47fc00a2c39e90264f33305004495a9","hash":"b52f84bdb2b5a63b1f1b9b853c3622b6d59926c1"}
}
