TN:
SF:database.js
FN:5,(anonymous_0)
FNF:1
FNH:1
FNDA:34,(anonymous_0)
DA:3,1
DA:6,34
DA:7,34
DA:11,1
DA:15,1
LF:5
LH:5
BRF:0
BRH:0
end_of_record
TN:
SF:server.js
FN:11,(anonymous_0)
FN:16,(anonymous_1)
FN:21,(anonymous_2)
FN:31,(anonymous_3)
FN:41,(anonymous_4)
FN:57,(anonymous_5)
FNF:6
FNH:6
FNDA:1,(anonymous_0)
FNDA:2,(anonymous_1)
FNDA:2,(anonymous_2)
FNDA:3,(anonymous_3)
FNDA:4,(anonymous_4)
FNDA:2,(anonymous_5)
DA:5,1
DA:7,1
DA:8,1
DA:9,1
DA:11,1
DA:12,1
DA:13,1
DA:16,1
DA:17,2
DA:18,2
DA:21,1
DA:22,2
DA:23,2
DA:24,2
DA:25,1
DA:27,1
DA:31,1
DA:32,3
DA:33,3
DA:34,2
DA:36,1
DA:37,1
DA:41,1
DA:42,4
DA:43,4
DA:44,4
DA:45,2
DA:47,2
DA:48,2
DA:49,1
DA:51,1
DA:52,1
DA:57,1
DA:58,2
DA:59,2
DA:60,2
DA:61,1
DA:62,1
DA:64,1
DA:65,1
LF:40
LH:40
BRDA:24,0,0,1
BRDA:24,0,1,1
BRDA:33,1,0,2
BRDA:33,1,1,1
BRDA:44,2,0,2
BRDA:44,2,1,2
BRDA:48,3,0,1
BRDA:48,3,1,1
BRDA:60,4,0,1
BRDA:60,4,1,1
BRF:10
BRH:10
end_of_record
TN:
SF:store.js
FN:3,(anonymous_0)
FN:5,(anonymous_1)
FN:7,(anonymous_2)
FN:13,(anonymous_3)
FN:16,(anonymous_4)
FNF:5
FNH:5
FNDA:3,(anonymous_0)
FNDA:9,(anonymous_1)
FNDA:1,(anonymous_2)
FNDA:1,(anonymous_3)
FNDA:1,(anonymous_4)
DA:3,3
DA:5,9
DA:7,1
DA:8,1
DA:9,1
DA:10,1
DA:13,1
DA:14,1
DA:16,1
LF:9
LH:9
BRF:0
BRH:0
end_of_record
